[0m11:03:39.526290 [debug] [MainThread]: Sending event: {'category': 'dbt', 'action': 'invocation', 'label': 'start', 'context': [<snowplow_tracker.self_describing_json.SelfDescribingJson object at 0x7fe32e3ff650>, <snowplow_tracker.self_describing_json.SelfDescribingJson object at 0x7fe32e58b8d0>, <snowplow_tracker.self_describing_json.SelfDescribingJson object at 0x7fe32e58b310>]}


============================== 11:03:39.533150 | f23b87ab-a5e2-4013-8f52-f39d8cb9ddc3 ==============================
[0m11:03:39.533150 [info ] [MainThread]: Running with dbt=1.8.7
[0m11:03:39.539613 [debug] [MainThread]: running dbt with arguments {'printer_width': '80', 'indirect_selection': 'eager', 'log_cache_events': 'False', 'write_json': 'True', 'partial_parse': 'True', 'cache_selected_only': 'False', 'profiles_dir': '/app/conf/sourceDir/8660e779-8a1e-4b76-9c7b-d358dde2fa77/dbt_conf', 'debug': 'False', 'version_check': 'True', 'log_path': '/app/conf/sourceDir/8660e779-8a1e-4b76-9c7b-d358dde2fa77/perfdatae1@fosfor.com/data/FDC_8660e779-8a1e-4b76-9c7b-d358dde2fa77/logs/ed719010-a6de-4953-9853-217d3eb79011', 'warn_error': 'None', 'fail_fast': 'False', 'use_colors': 'True', 'use_experimental_parser': 'False', 'no_print': 'None', 'quiet': 'False', 'empty': 'False', 'warn_error_options': 'WarnErrorOptions(include=[], exclude=[])', 'introspect': 'True', 'static_parser': 'True', 'invocation_command': 'dbt run --select models/IDE_model/Model1000_110.sql --log-path logs/ed719010-a6de-4953-9853-217d3eb79011 --profiles-dir /app/conf/sourceDir/8660e779-8a1e-4b76-9c7b-d358dde2fa77/dbt_conf', 'target_path': 'None', 'log_format': 'default', 'send_anonymous_usage_stats': 'True'}
[0m11:03:40.263135 [debug] [MainThread]: Sending event: {'category': 'dbt', 'action': 'project_id', 'label': 'f23b87ab-a5e2-4013-8f52-f39d8cb9ddc3', 'context': [<snowplow_tracker.self_describing_json.SelfDescribingJson object at 0x7fe300216d50>]}
[0m11:03:40.325919 [debug] [MainThread]: Sending event: {'category': 'dbt', 'action': 'adapter_info', 'label': 'f23b87ab-a5e2-4013-8f52-f39d8cb9ddc3', 'context': [<snowplow_tracker.self_describing_json.SelfDescribingJson object at 0x7fe32e996e10>]}
[0m11:03:40.331957 [info ] [MainThread]: Registered adapter: snowflake=1.8.4
[0m11:03:40.352275 [debug] [MainThread]: checksum: 4af21dafb485259c48497ac86b711ddb1982f3d0f1c0ca4e09356de488b753c0, vars: {}, profile: , target: , version: 1.8.7
[0m11:03:43.183270 [debug] [MainThread]: Partial parsing enabled: 0 files deleted, 0 files added, 0 files changed.
[0m11:03:43.189157 [debug] [MainThread]: Partial parsing enabled, no changes found, skipping parsing
[0m11:03:43.251023 [warn ] [MainThread]: [[33mWARNING[0m]: Configuration paths exist in your dbt_project.yml file which do not apply to any resources.
There are 1 unused configuration paths:
- models.8660e779-8a1e-4b76-9c7b-d358dde2fa77.table
[0m11:03:43.425762 [debug] [MainThread]: Sending event: {'category': 'dbt', 'action': 'load_project', 'label': 'f23b87ab-a5e2-4013-8f52-f39d8cb9ddc3', 'context': [<snowplow_tracker.self_describing_json.SelfDescribingJson object at 0x7fe32e3ff090>]}
[0m11:03:44.391654 [debug] [MainThread]: Sending event: {'category': 'dbt', 'action': 'resource_counts', 'label': 'f23b87ab-a5e2-4013-8f52-f39d8cb9ddc3', 'context': [<snowplow_tracker.self_describing_json.SelfDescribingJson object at 0x7fe3300c5fd0>]}
[0m11:03:44.393234 [info ] [MainThread]: Found 976 models, 150 seeds, 50 snapshots, 7 sources, 704 macros
[0m11:03:44.400406 [debug] [MainThread]: Sending event: {'category': 'dbt', 'action': 'runnable_timing', 'label': 'f23b87ab-a5e2-4013-8f52-f39d8cb9ddc3', 'context': [<snowplow_tracker.self_describing_json.SelfDescribingJson object at 0x7fe32e41bb90>]}
[0m11:03:44.449823 [info ] [MainThread]: 
[0m11:03:44.456839 [debug] [MainThread]: Acquiring new snowflake connection 'master'
[0m11:03:44.464132 [debug] [ThreadPool]: Acquiring new snowflake connection 'list_FDC_QA_KIRUTHIKAA'
[0m11:03:44.488264 [debug] [ThreadPool]: Using snowflake connection "list_FDC_QA_KIRUTHIKAA"
[0m11:03:44.494767 [debug] [ThreadPool]: On list_FDC_QA_KIRUTHIKAA: /* {"app": "dbt", "dbt_version": "1.8.7", "profile_name": "8660e779-8a1e-4b76-9c7b-d358dde2fa77", "target_name": "dev", "connection_name": "list_FDC_QA_KIRUTHIKAA"} */
show terse schemas in database "FDC_QA_KIRUTHIKAA"
    limit 10000
[0m11:03:44.501234 [debug] [ThreadPool]: Opening a new connection, currently in state init
[0m11:03:44.507627 [debug] [ThreadPool]: Snowflake adapter: Environment applicationName is 'None'
[0m11:03:45.544706 [debug] [ThreadPool]: SQL status: SUCCESS 6 in 1.043 seconds
[0m11:03:45.546947 [debug] [ThreadPool]: On list_FDC_QA_KIRUTHIKAA: Close
[0m11:03:45.829455 [debug] [ThreadPool]: Re-using an available connection from the pool (formerly list_FDC_QA_KIRUTHIKAA, now list_FDC_QA_KIRUTHIKAA_TARGET)
[0m11:03:45.830578 [debug] [ThreadPool]: Acquiring new snowflake connection 'list_FDC_QA_KIRUTHIKAA_TARGET_TARGET'
[0m11:03:45.831551 [debug] [ThreadPool]: Acquiring new snowflake connection 'list_FDC_QA_KIRUTHIKAA_TARGET_PUBLIC'
[0m11:03:45.846746 [debug] [ThreadPool]: Using snowflake connection "list_FDC_QA_KIRUTHIKAA_TARGET"
[0m11:03:45.850135 [debug] [ThreadPool]: Using snowflake connection "list_FDC_QA_KIRUTHIKAA_TARGET_TARGET"
[0m11:03:45.859290 [debug] [ThreadPool]: Using snowflake connection "list_FDC_QA_KIRUTHIKAA_TARGET_PUBLIC"
[0m11:03:45.864670 [debug] [ThreadPool]: On list_FDC_QA_KIRUTHIKAA_TARGET: /* {"app": "dbt", "dbt_version": "1.8.7", "profile_name": "8660e779-8a1e-4b76-9c7b-d358dde2fa77", "target_name": "dev", "connection_name": "list_FDC_QA_KIRUTHIKAA_TARGET"} */
show objects in "FDC_QA_KIRUTHIKAA"."TARGET" limit 10000
[0m11:03:45.870948 [debug] [ThreadPool]: On list_FDC_QA_KIRUTHIKAA_TARGET_TARGET: /* {"app": "dbt", "dbt_version": "1.8.7", "profile_name": "8660e779-8a1e-4b76-9c7b-d358dde2fa77", "target_name": "dev", "connection_name": "list_FDC_QA_KIRUTHIKAA_TARGET_TARGET"} */
show objects in "FDC_QA_KIRUTHIKAA"."TARGET_TARGET" limit 10000
[0m11:03:45.876123 [debug] [ThreadPool]: On list_FDC_QA_KIRUTHIKAA_TARGET_PUBLIC: /* {"app": "dbt", "dbt_version": "1.8.7", "profile_name": "8660e779-8a1e-4b76-9c7b-d358dde2fa77", "target_name": "dev", "connection_name": "list_FDC_QA_KIRUTHIKAA_TARGET_PUBLIC"} */
show objects in "FDC_QA_KIRUTHIKAA"."TARGET_PUBLIC" limit 10000
[0m11:03:45.881520 [debug] [ThreadPool]: Opening a new connection, currently in state closed
[0m11:03:45.887732 [debug] [ThreadPool]: Opening a new connection, currently in state init
[0m11:03:45.893143 [debug] [ThreadPool]: Opening a new connection, currently in state init
[0m11:03:45.899502 [debug] [ThreadPool]: Snowflake adapter: Environment applicationName is 'None'
[0m11:03:45.906559 [debug] [ThreadPool]: Snowflake adapter: Environment applicationName is 'None'
[0m11:03:45.912623 [debug] [ThreadPool]: Snowflake adapter: Environment applicationName is 'None'
[0m11:03:46.577608 [debug] [ThreadPool]: SQL status: SUCCESS 174 in 0.696 seconds
[0m11:03:46.592193 [debug] [ThreadPool]: On list_FDC_QA_KIRUTHIKAA_TARGET: Close
[0m11:03:46.847827 [debug] [ThreadPool]: SQL status: SUCCESS 57 in 0.955 seconds
[0m11:03:46.858093 [debug] [ThreadPool]: On list_FDC_QA_KIRUTHIKAA_TARGET_PUBLIC: Close
[0m11:03:47.950686 [debug] [ThreadPool]: SQL status: SUCCESS 117 in 2.063 seconds
[0m11:03:47.962679 [debug] [ThreadPool]: On list_FDC_QA_KIRUTHIKAA_TARGET_TARGET: Close
[0m11:03:48.178194 [debug] [MainThread]: Sending event: {'category': 'dbt', 'action': 'runnable_timing', 'label': 'f23b87ab-a5e2-4013-8f52-f39d8cb9ddc3', 'context': [<snowplow_tracker.self_describing_json.SelfDescribingJson object at 0x7fe300118950>]}
[0m11:03:48.185495 [info ] [MainThread]: Concurrency: 4 threads (target='dev')
[0m11:03:48.191677 [info ] [MainThread]: 
[0m11:03:48.205869 [debug] [Thread-1 (]: Began running node model.FDC_8660e779_8a1e_4b76_9c7b_d358dde2fa77.Model1000_110
[0m11:03:48.212382 [info ] [Thread-1 (]: 1 of 1 START sql table model TARGET_PUBLIC.Model1000_110 ....................... [RUN]
[0m11:03:48.218790 [debug] [Thread-1 (]: Re-using an available connection from the pool (formerly list_FDC_QA_KIRUTHIKAA_TARGET_TARGET, now model.FDC_8660e779_8a1e_4b76_9c7b_d358dde2fa77.Model1000_110)
[0m11:03:48.225037 [debug] [Thread-1 (]: Began compiling node model.FDC_8660e779_8a1e_4b76_9c7b_d358dde2fa77.Model1000_110
[0m11:03:48.242746 [debug] [Thread-1 (]: Writing injected SQL for node "model.FDC_8660e779_8a1e_4b76_9c7b_d358dde2fa77.Model1000_110"
[0m11:03:48.269899 [debug] [Thread-1 (]: Began executing node model.FDC_8660e779_8a1e_4b76_9c7b_d358dde2fa77.Model1000_110
[0m11:03:48.307083 [debug] [Thread-1 (]: Writing runtime sql for node "model.FDC_8660e779_8a1e_4b76_9c7b_d358dde2fa77.Model1000_110"
[0m11:03:48.340086 [debug] [Thread-1 (]: Using snowflake connection "model.FDC_8660e779_8a1e_4b76_9c7b_d358dde2fa77.Model1000_110"
[0m11:03:48.345990 [debug] [Thread-1 (]: On model.FDC_8660e779_8a1e_4b76_9c7b_d358dde2fa77.Model1000_110: /* {"app": "dbt", "dbt_version": "1.8.7", "profile_name": "8660e779-8a1e-4b76-9c7b-d358dde2fa77", "target_name": "dev", "node_id": "model.FDC_8660e779_8a1e_4b76_9c7b_d358dde2fa77.Model1000_110"} */
create or replace  table "FDC_QA_KIRUTHIKAA"."TARGET_PUBLIC"."Model1000_110"
         as
        (

with "Dataset" as (
SELECT * FROM "SNOWFLAKE_SAMPLE_DATA"."TPCH_SF100"."CUSTOMER"     
),

"Dataset_2" as (
SELECT * FROM "SNOWFLAKE_SAMPLE_DATA"."TPCH_SF1"."NATION"     
),

"Join_2" as (
SELECT Dataset."C_CUSTKEY" as "C_CUSTKEY",Dataset."C_NAME" as "C_NAME",Dataset."C_ADDRESS" as "C_ADDRESS",Dataset."C_NATIONKEY" as "C_NATIONKEY",Dataset."C_PHONE" as "C_PHONE",Dataset."C_ACCTBAL" as "C_ACCTBAL",Dataset."C_MKTSEGMENT" as "C_MKTSEGMENT",Dataset."C_COMMENT" as "C_COMMENT" FROM "Dataset"  as Dataset LEFT JOIN "Dataset_2"  as Dataset_2 ON Dataset."C_NATIONKEY"=Dataset_2."N_NATIONKEY"     
),

"Union_1" as (

SELECT Dataset."C_CUSTKEY" AS "C_CUSTKEY", Dataset."C_NAME" AS "C_NAME", Dataset."C_ADDRESS" AS "C_ADDRESS", Dataset."C_NATIONKEY" AS "C_NATIONKEY", Dataset."C_PHONE" AS "C_PHONE", Dataset."C_ACCTBAL" AS "C_ACCTBAL", Dataset."C_MKTSEGMENT" AS "C_MKTSEGMENT", Dataset."C_COMMENT" AS "C_COMMENT" FROM "Dataset" AS Dataset 
UNION ALL
SELECT Join_2."C_CUSTKEY" AS "C_CUSTKEY", Join_2."C_NAME" AS "C_NAME", Join_2."C_ADDRESS" AS "C_ADDRESS", Join_2."C_NATIONKEY" AS "C_NATIONKEY", Join_2."C_PHONE" AS "C_PHONE", Join_2."C_ACCTBAL" AS "C_ACCTBAL", Join_2."C_MKTSEGMENT" AS "C_MKTSEGMENT", Join_2."C_COMMENT" AS "C_COMMENT" FROM "Join_2" AS Join_2 
      
),

"Dataset_2_2" as (
SELECT * FROM "SNOWFLAKE_SAMPLE_DATA"."TPCH_SF1"."ORDERS"     
),

"Join_2_2" as (
SELECT Dataset_2_2."O_ORDERKEY" as "O_ORDERKEY",Dataset_2_2."O_CUSTKEY" as "O_CUSTKEY",Dataset_2_2."O_ORDERSTATUS" as "O_ORDERSTATUS",Dataset_2_2."O_TOTALPRICE" as "O_TOTALPRICE",Dataset_2_2."O_ORDERDATE" as "O_ORDERDATE",Dataset_2_2."O_ORDERPRIORITY" as "O_ORDERPRIORITY",Dataset_2_2."O_CLERK" as "O_CLERK",Dataset_2_2."O_SHIPPRIORITY" as "O_SHIPPRIORITY",Dataset_2_2."O_COMMENT" as "O_COMMENT",Join_2."C_CUSTKEY" as "C_CUSTKEY",Join_2."C_NAME" as "C_NAME",Join_2."C_ADDRESS" as "C_ADDRESS",Join_2."C_NATIONKEY" as "C_NATIONKEY",Join_2."C_PHONE" as "C_PHONE",Join_2."C_ACCTBAL" as "C_ACCTBAL",Join_2."C_MKTSEGMENT" as "C_MKTSEGMENT",Join_2."C_COMMENT" as "C_COMMENT" FROM "Dataset_2_2"  as Dataset_2_2 INNER JOIN "Join_2"  as Join_2 ON Dataset_2_2."O_CUSTKEY"=Join_2."C_CUSTKEY"     
),

"Difference" as (
SELECT Union_1."C_CUSTKEY" AS "C_CUSTKEY", Union_1."C_NAME" AS "C_NAME", Union_1."C_ADDRESS" AS "C_ADDRESS", Union_1."C_NATIONKEY" AS "C_NATIONKEY", Union_1."C_PHONE" AS "C_PHONE", Union_1."C_ACCTBAL" AS "C_ACCTBAL", Union_1."C_MKTSEGMENT" AS "C_MKTSEGMENT", Union_1."C_COMMENT" AS "C_COMMENT" FROM "Union_1" AS Union_1 

EXCEPT
SELECT Join_2_2."C_CUSTKEY" AS "C_CUSTKEY", Join_2_2."C_NAME" AS "C_NAME", Join_2_2."C_ADDRESS" AS "C_ADDRESS", Join_2_2."C_NATIONKEY" AS "C_NATIONKEY", Join_2_2."C_PHONE" AS "C_PHONE", Join_2_2."C_ACCTBAL" AS "C_ACCTBAL", Join_2_2."C_MKTSEGMENT" AS "C_MKTSEGMENT", Join_2_2."C_COMMENT" AS "C_COMMENT" FROM "Join_2_2" AS Join_2_2 

      
),

"Aggregate" as (
SELECT "C_CUSTKEY", "C_NATIONKEY", "C_ACCTBAL", count(DISTINCT "C_CUSTKEY") "NUNIQUE_C_CUSTKEY", count("C_NATIONKEY") "COUNT_C_NATIONKEY", sum("C_ACCTBAL") "SUM_C_ACCTBAL" FROM "Difference"  GROUP BY "C_CUSTKEY", "C_NATIONKEY", "C_ACCTBAL"   
),

"Transformer" as (
SELECT "NUNIQUE_C_CUSTKEY" AS "NUNIQUE_C_CUSTKEY","COUNT_C_NATIONKEY" AS "COUNT_C_NATIONKEY","SUM_C_ACCTBAL"+100 AS "SUM_C_ACCTBAL","C_CUSTKEY" AS "C_CUSTKEY","C_NATIONKEY" AS "C_NATIONKEY",TO_CHAR("C_ACCTBAL", 'XXXXXX') AS "C_ACCTBAL" FROM "Aggregate"     
),

"Dataset_2_2_2" as (
SELECT * FROM "SNOWFLAKE_SAMPLE_DATA"."TPCH_SF1"."LINEITEM"     
),

"Join_2_2_2" as (
SELECT Dataset_2_2."O_ORDERKEY" as "O_ORDERKEY",Dataset_2_2_2."L_ORDERKEY" as "L_ORDERKEY",Dataset_2_2_2."L_PARTKEY" as "L_PARTKEY",Dataset_2_2_2."L_SUPPKEY" as "L_SUPPKEY",Dataset_2_2_2."L_LINENUMBER" as "L_LINENUMBER",Dataset_2_2_2."L_QUANTITY" as "L_QUANTITY",Dataset_2_2_2."L_EXTENDEDPRICE" as "L_EXTENDEDPRICE",Dataset_2_2_2."L_DISCOUNT" as "L_DISCOUNT",Dataset_2_2_2."L_TAX" as "L_TAX",Dataset_2_2_2."L_RETURNFLAG" as "L_RETURNFLAG",Dataset_2_2_2."L_LINESTATUS" as "L_LINESTATUS",Dataset_2_2_2."L_SHIPDATE" as "L_SHIPDATE",Dataset_2_2_2."L_COMMITDATE" as "L_COMMITDATE",Dataset_2_2_2."L_RECEIPTDATE" as "L_RECEIPTDATE",Dataset_2_2_2."L_SHIPINSTRUCT" as "L_SHIPINSTRUCT",Dataset_2_2_2."L_SHIPMODE" as "L_SHIPMODE",Dataset_2_2_2."L_COMMENT" as "L_COMMENT" FROM "Dataset_2_2"  as Dataset_2_2 INNER JOIN "Dataset_2_2_2"  as Dataset_2_2_2 ON Dataset_2_2."O_ORDERKEY"=Dataset_2_2_2."L_ORDERKEY"     
),

"Filter" as (
SELECT Join_2_2."O_ORDERKEY" as "O_ORDERKEY",Join_2_2."O_CUSTKEY" as "O_CUSTKEY",Join_2_2."O_ORDERSTATUS" as "O_ORDERSTATUS",Join_2_2."O_TOTALPRICE" as "O_TOTALPRICE",Join_2_2."O_ORDERDATE" as "O_ORDERDATE",Join_2_2."O_ORDERPRIORITY" as "O_ORDERPRIORITY",Join_2_2."O_CLERK" as "O_CLERK",Join_2_2."O_SHIPPRIORITY" as "O_SHIPPRIORITY",Join_2_2."O_COMMENT" as "O_COMMENT",Join_2_2."C_CUSTKEY" as "C_CUSTKEY",Join_2_2."C_NAME" as "C_NAME",Join_2_2."C_ADDRESS" as "C_ADDRESS",Join_2_2."C_NATIONKEY" as "C_NATIONKEY",Join_2_2."C_PHONE" as "C_PHONE",Join_2_2."C_ACCTBAL" as "C_ACCTBAL",Join_2_2."C_MKTSEGMENT" as "C_MKTSEGMENT",Join_2_2."C_COMMENT" as "C_COMMENT",Join_2_2_2."L_ORDERKEY" as "L_ORDERKEY",Join_2_2_2."L_PARTKEY" as "L_PARTKEY",Join_2_2_2."L_SUPPKEY" as "L_SUPPKEY",Join_2_2_2."L_LINENUMBER" as "L_LINENUMBER",Join_2_2_2."L_QUANTITY" as "L_QUANTITY",Join_2_2_2."L_EXTENDEDPRICE" as "L_EXTENDEDPRICE",Join_2_2_2."L_DISCOUNT" as "L_DISCOUNT",Join_2_2_2."L_TAX" as "L_TAX",Join_2_2_2."L_RETURNFLAG" as "L_RETURNFLAG",Join_2_2_2."L_LINESTATUS" as "L_LINESTATUS",Join_2_2_2."L_SHIPDATE" as "L_SHIPDATE",Join_2_2_2."L_COMMITDATE" as "L_COMMITDATE",Join_2_2_2."L_RECEIPTDATE" as "L_RECEIPTDATE",Join_2_2_2."L_SHIPINSTRUCT" as "L_SHIPINSTRUCT",Join_2_2_2."L_SHIPMODE" as "L_SHIPMODE",Join_2_2_2."L_COMMENT" as "L_COMMENT" FROM "Join_2_2"  as Join_2_2 FULL OUTER JOIN "Join_2_2_2"  as Join_2_2_2 ON Join_2_2."O_ORDERKEY"=Join_2_2_2."O_ORDERKEY" WHERE (
(Join_2_2."C_NATIONKEY" != 5) )    
),

"Custom_SQL" as (
select * from "Filter"      
),

"Join_4" as (
SELECT Transformer."C_NATIONKEY" as "C_NATIONKEY",Transformer."SUM_C_ACCTBAL" as "SUM_C_ACCTBAL",Transformer."COUNT_C_NATIONKEY" as "COUNT_C_NATIONKEY",Transformer."C_ACCTBAL" as "C_ACCTBAL",Transformer."C_CUSTKEY" as "C_CUSTKEY",Transformer."NUNIQUE_C_CUSTKEY" as "NUNIQUE_C_CUSTKEY",Custom_SQL."O_ORDERKEY" as "O_ORDERKEY",Custom_SQL."O_CUSTKEY" as "O_CUSTKEY",Custom_SQL."O_ORDERSTATUS" as "O_ORDERSTATUS",Custom_SQL."O_TOTALPRICE" as "O_TOTALPRICE",Custom_SQL."O_ORDERDATE" as "O_ORDERDATE",Custom_SQL."O_ORDERPRIORITY" as "O_ORDERPRIORITY",Custom_SQL."O_CLERK" as "O_CLERK",Custom_SQL."O_SHIPPRIORITY" as "O_SHIPPRIORITY",Custom_SQL."O_COMMENT" as "O_COMMENT",Custom_SQL."C_CUSTKEY" as "Custom SQL_C_CUSTKEY",Custom_SQL."C_NAME" as "C_NAME",Custom_SQL."C_ADDRESS" as "C_ADDRESS",Custom_SQL."C_NATIONKEY" as "Custom SQL_C_NATIONKEY",Custom_SQL."C_PHONE" as "C_PHONE",Custom_SQL."C_ACCTBAL" as "Custom SQL_C_ACCTBAL",Custom_SQL."C_MKTSEGMENT" as "C_MKTSEGMENT",Custom_SQL."C_COMMENT" as "C_COMMENT",Custom_SQL."L_ORDERKEY" as "L_ORDERKEY",Custom_SQL."L_PARTKEY" as "L_PARTKEY",Custom_SQL."L_SUPPKEY" as "L_SUPPKEY",Custom_SQL."L_LINENUMBER" as "L_LINENUMBER",Custom_SQL."L_QUANTITY" as "L_QUANTITY",Custom_SQL."L_EXTENDEDPRICE" as "L_EXTENDEDPRICE",Custom_SQL."L_DISCOUNT" as "L_DISCOUNT",Custom_SQL."L_TAX" as "L_TAX",Custom_SQL."L_RETURNFLAG" as "L_RETURNFLAG",Custom_SQL."L_LINESTATUS" as "L_LINESTATUS",Custom_SQL."L_SHIPDATE" as "L_SHIPDATE",Custom_SQL."L_COMMITDATE" as "L_COMMITDATE",Custom_SQL."L_RECEIPTDATE" as "L_RECEIPTDATE",Custom_SQL."L_SHIPINSTRUCT" as "L_SHIPINSTRUCT",Custom_SQL."L_SHIPMODE" as "L_SHIPMODE",Custom_SQL."L_COMMENT" as "L_COMMENT" FROM "Transformer"  as Transformer INNER JOIN "Custom_SQL"  as Custom_SQL ON Transformer."C_CUSTKEY"=Custom_SQL."O_CUSTKEY"     
)


SELECT * FROM "Join_4"
        );
[0m11:03:48.351723 [debug] [Thread-1 (]: Opening a new connection, currently in state closed
[0m11:03:48.358561 [debug] [Thread-1 (]: Snowflake adapter: Environment applicationName is 'None'
[0m11:04:19.270684 [debug] [Thread-1 (]: SQL status: SUCCESS 1 in 30.919 seconds
[0m11:04:19.296407 [debug] [Thread-1 (]: On model.FDC_8660e779_8a1e_4b76_9c7b_d358dde2fa77.Model1000_110: Close
[0m11:04:19.937450 [debug] [Thread-1 (]: Sending event: {'category': 'dbt', 'action': 'run_model', 'label': 'f23b87ab-a5e2-4013-8f52-f39d8cb9ddc3', 'context': [<snowplow_tracker.self_describing_json.SelfDescribingJson object at 0x7fe300051e90>]}
[0m11:04:19.944674 [info ] [Thread-1 (]: 1 of 1 OK created sql table model TARGET_PUBLIC.Model1000_110 .................. [[32mSUCCESS 1[0m in 31.72s]
[0m11:04:19.950617 [debug] [Thread-1 (]: Finished running node model.FDC_8660e779_8a1e_4b76_9c7b_d358dde2fa77.Model1000_110
[0m11:04:19.958175 [debug] [MainThread]: Connection 'master' was properly closed.
[0m11:04:19.963527 [debug] [MainThread]: Connection 'list_FDC_QA_KIRUTHIKAA_TARGET' was properly closed.
[0m11:04:19.969674 [debug] [MainThread]: Connection 'model.FDC_8660e779_8a1e_4b76_9c7b_d358dde2fa77.Model1000_110' was properly closed.
[0m11:04:19.975861 [debug] [MainThread]: Connection 'list_FDC_QA_KIRUTHIKAA_TARGET_PUBLIC' was properly closed.
[0m11:04:19.982254 [info ] [MainThread]: 
[0m11:04:19.988572 [info ] [MainThread]: Finished running 1 table model in 0 hours 0 minutes and 35.53 seconds (35.53s).
[0m11:04:19.996596 [debug] [MainThread]: Command end result
[0m11:04:20.588428 [info ] [MainThread]: 
[0m11:04:20.594769 [info ] [MainThread]: [32mCompleted successfully[0m
[0m11:04:20.600949 [info ] [MainThread]: 
[0m11:04:20.606984 [info ] [MainThread]: Done. PASS=1 WARN=0 ERROR=0 SKIP=0 TOTAL=1
[0m11:04:20.613470 [debug] [MainThread]: Resource report: {"command_name": "run", "command_success": true, "command_wall_clock_time": 41.150738, "process_user_time": 4.72989, "process_kernel_time": 0.612008, "process_mem_max_rss": "211712", "process_out_blocks": "47432", "process_in_blocks": "0"}
[0m11:04:20.619651 [debug] [MainThread]: Command `dbt run` succeeded at 11:04:20.619523 after 41.16 seconds
[0m11:04:20.625919 [debug] [MainThread]: Sending event: {'category': 'dbt', 'action': 'invocation', 'label': 'end', 'context': [<snowplow_tracker.self_describing_json.SelfDescribingJson object at 0x7fe331c35d10>, <snowplow_tracker.self_describing_json.SelfDescribingJson object at 0x7fe331c44550>, <snowplow_tracker.self_describing_json.SelfDescribingJson object at 0x7fe331cd0e90>]}
[0m11:04:20.631242 [debug] [MainThread]: Flushing usage events
