[0m05:53:35.282575 [debug] [MainThread]: Sending event: {'category': 'dbt', 'action': 'invocation', 'label': 'start', 'context': [<snowplow_tracker.self_describing_json.SelfDescribingJson object at 0x7f1594c3c890>, <snowplow_tracker.self_describing_json.SelfDescribingJson object at 0x7f1594f49490>, <snowplow_tracker.self_describing_json.SelfDescribingJson object at 0x7f1594ce0dd0>]}


============================== 05:53:35.290358 | 9fbd503e-8999-42b3-bb39-cade345708ef ==============================
[0m05:53:35.290358 [info ] [MainThread]: Running with dbt=1.8.7
[0m05:53:35.297007 [debug] [MainThread]: running dbt with arguments {'printer_width': '80', 'indirect_selection': 'eager', 'log_cache_events': 'False', 'write_json': 'True', 'partial_parse': 'True', 'cache_selected_only': 'False', 'profiles_dir': '/app/conf/sourceDir/8660e779-8a1e-4b76-9c7b-d358dde2fa77/dbt_conf', 'fail_fast': 'False', 'warn_error': 'None', 'log_path': '/app/conf/sourceDir/8660e779-8a1e-4b76-9c7b-d358dde2fa77/perfdatae1@fosfor.com/data/FDC_8660e779-8a1e-4b76-9c7b-d358dde2fa77/logs/81d5e391-e79c-40f0-8d31-4f063a2f812f', 'debug': 'False', 'version_check': 'True', 'use_colors': 'True', 'use_experimental_parser': 'False', 'empty': 'False', 'quiet': 'False', 'no_print': 'None', 'warn_error_options': 'WarnErrorOptions(include=[], exclude=[])', 'introspect': 'True', 'invocation_command': 'dbt run --select snapshots/SCB_Model1000_176_snp.sql --log-path logs/81d5e391-e79c-40f0-8d31-4f063a2f812f --profiles-dir /app/conf/sourceDir/8660e779-8a1e-4b76-9c7b-d358dde2fa77/dbt_conf', 'log_format': 'default', 'target_path': 'None', 'static_parser': 'True', 'send_anonymous_usage_stats': 'True'}
[0m05:53:36.070584 [debug] [MainThread]: Sending event: {'category': 'dbt', 'action': 'project_id', 'label': '9fbd503e-8999-42b3-bb39-cade345708ef', 'context': [<snowplow_tracker.self_describing_json.SelfDescribingJson object at 0x7f156964b610>]}
[0m05:53:36.128028 [debug] [MainThread]: Sending event: {'category': 'dbt', 'action': 'adapter_info', 'label': '9fbd503e-8999-42b3-bb39-cade345708ef', 'context': [<snowplow_tracker.self_describing_json.SelfDescribingJson object at 0x7f1566848250>]}
[0m05:53:36.136328 [info ] [MainThread]: Registered adapter: snowflake=1.8.4
[0m05:53:36.159839 [debug] [MainThread]: checksum: 4af21dafb485259c48497ac86b711ddb1982f3d0f1c0ca4e09356de488b753c0, vars: {}, profile: , target: , version: 1.8.7
[0m05:53:39.010150 [debug] [MainThread]: Partial parsing enabled: 0 files deleted, 0 files added, 0 files changed.
[0m05:53:39.012234 [debug] [MainThread]: Partial parsing enabled, no changes found, skipping parsing
[0m05:53:39.077644 [warn ] [MainThread]: [[33mWARNING[0m]: Configuration paths exist in your dbt_project.yml file which do not apply to any resources.
There are 1 unused configuration paths:
- models.8660e779-8a1e-4b76-9c7b-d358dde2fa77.table
[0m05:53:39.249973 [debug] [MainThread]: Sending event: {'category': 'dbt', 'action': 'load_project', 'label': '9fbd503e-8999-42b3-bb39-cade345708ef', 'context': [<snowplow_tracker.self_describing_json.SelfDescribingJson object at 0x7f15669329d0>]}
[0m05:53:40.162830 [debug] [MainThread]: Sending event: {'category': 'dbt', 'action': 'resource_counts', 'label': '9fbd503e-8999-42b3-bb39-cade345708ef', 'context': [<snowplow_tracker.self_describing_json.SelfDescribingJson object at 0x7f15658a4850>]}
[0m05:53:40.170820 [info ] [MainThread]: Found 976 models, 150 seeds, 50 snapshots, 7 sources, 704 macros
[0m05:53:40.178877 [debug] [MainThread]: Sending event: {'category': 'dbt', 'action': 'runnable_timing', 'label': '9fbd503e-8999-42b3-bb39-cade345708ef', 'context': [<snowplow_tracker.self_describing_json.SelfDescribingJson object at 0x7f1566932a10>]}
[0m05:53:40.213297 [info ] [MainThread]: 
[0m05:53:40.220281 [warn ] [MainThread]: Nothing to do. Try checking your model configs and model specification args
[0m05:53:40.228429 [debug] [MainThread]: Command end result
[0m05:53:40.860740 [debug] [MainThread]: Resource report: {"command_name": "run", "command_success": true, "command_wall_clock_time": 5.644898, "process_user_time": 3.941357, "process_kernel_time": 0.603239, "process_mem_max_rss": "199052", "process_out_blocks": "46312", "process_in_blocks": "0"}
[0m05:53:40.867303 [debug] [MainThread]: Command `dbt run` succeeded at 05:53:40.867146 after 5.65 seconds
[0m05:53:40.874667 [debug] [MainThread]: Sending event: {'category': 'dbt', 'action': 'invocation', 'label': 'end', 'context': [<snowplow_tracker.self_describing_json.SelfDescribingJson object at 0x7f15983af310>, <snowplow_tracker.self_describing_json.SelfDescribingJson object at 0x7f1598502fd0>, <snowplow_tracker.self_describing_json.SelfDescribingJson object at 0x7f1598503ed0>]}
[0m05:53:40.881746 [debug] [MainThread]: Flushing usage events
