[0m10:58:11.081423 [debug] [MainThread]: Sending event: {'category': 'dbt', 'action': 'invocation', 'label': 'start', 'context': [<snowplow_tracker.self_describing_json.SelfDescribingJson object at 0x7f6cfdef79d0>, <snowplow_tracker.self_describing_json.SelfDescribingJson object at 0x7f6cfe226610>, <snowplow_tracker.self_describing_json.SelfDescribingJson object at 0x7f6cfdef7790>]}


============================== 10:58:11.088195 | 8ed3dd0d-9f90-4983-80a8-9af3e4ef9972 ==============================
[0m10:58:11.088195 [info ] [MainThread]: Running with dbt=1.8.7
[0m10:58:11.093779 [debug] [MainThread]: running dbt with arguments {'printer_width': '80', 'indirect_selection': 'eager', 'write_json': 'True', 'log_cache_events': 'False', 'partial_parse': 'True', 'cache_selected_only': 'False', 'profiles_dir': '/app/conf/sourceDir/8660e779-8a1e-4b76-9c7b-d358dde2fa77/dbt_conf', 'debug': 'False', 'fail_fast': 'False', 'log_path': '/app/conf/sourceDir/8660e779-8a1e-4b76-9c7b-d358dde2fa77/perfdatae1@fosfor.com/data/FDC_8660e779-8a1e-4b76-9c7b-d358dde2fa77/logs/2608fc4c-1996-42e1-927b-a80a352f10e5', 'version_check': 'True', 'warn_error': 'None', 'use_colors': 'True', 'use_experimental_parser': 'False', 'no_print': 'None', 'quiet': 'False', 'empty': 'False', 'warn_error_options': 'WarnErrorOptions(include=[], exclude=[])', 'invocation_command': 'dbt compile --select models/IDE_model/Model1000_110.sql --log-path logs/2608fc4c-1996-42e1-927b-a80a352f10e5 --profiles-dir /app/conf/sourceDir/8660e779-8a1e-4b76-9c7b-d358dde2fa77/dbt_conf', 'introspect': 'True', 'static_parser': 'True', 'target_path': 'None', 'log_format': 'default', 'send_anonymous_usage_stats': 'True'}
[0m10:58:11.855233 [debug] [MainThread]: Sending event: {'category': 'dbt', 'action': 'project_id', 'label': '8ed3dd0d-9f90-4983-80a8-9af3e4ef9972', 'context': [<snowplow_tracker.self_describing_json.SelfDescribingJson object at 0x7f6ccfbce410>]}
[0m10:58:11.917505 [debug] [MainThread]: Sending event: {'category': 'dbt', 'action': 'adapter_info', 'label': '8ed3dd0d-9f90-4983-80a8-9af3e4ef9972', 'context': [<snowplow_tracker.self_describing_json.SelfDescribingJson object at 0x7f6ccfa56550>]}
[0m10:58:11.923772 [info ] [MainThread]: Registered adapter: snowflake=1.8.4
[0m10:58:11.944055 [debug] [MainThread]: checksum: 4af21dafb485259c48497ac86b711ddb1982f3d0f1c0ca4e09356de488b753c0, vars: {}, profile: , target: , version: 1.8.7
[0m10:58:20.238822 [debug] [MainThread]: Partial parsing enabled: 0 files deleted, 0 files added, 0 files changed.
[0m10:58:20.241665 [debug] [MainThread]: Partial parsing enabled, no changes found, skipping parsing
[0m10:58:20.303522 [warn ] [MainThread]: [[33mWARNING[0m]: Configuration paths exist in your dbt_project.yml file which do not apply to any resources.
There are 1 unused configuration paths:
- models.8660e779-8a1e-4b76-9c7b-d358dde2fa77.table
[0m10:58:20.473608 [debug] [MainThread]: Sending event: {'category': 'dbt', 'action': 'load_project', 'label': '8ed3dd0d-9f90-4983-80a8-9af3e4ef9972', 'context': [<snowplow_tracker.self_describing_json.SelfDescribingJson object at 0x7f6cfdf10910>]}
[0m10:58:21.452461 [debug] [MainThread]: Sending event: {'category': 'dbt', 'action': 'resource_counts', 'label': '8ed3dd0d-9f90-4983-80a8-9af3e4ef9972', 'context': [<snowplow_tracker.self_describing_json.SelfDescribingJson object at 0x7f6cff720ad0>]}
[0m10:58:21.458425 [info ] [MainThread]: Found 976 models, 150 seeds, 50 snapshots, 7 sources, 704 macros
[0m10:58:21.464758 [debug] [MainThread]: Sending event: {'category': 'dbt', 'action': 'runnable_timing', 'label': '8ed3dd0d-9f90-4983-80a8-9af3e4ef9972', 'context': [<snowplow_tracker.self_describing_json.SelfDescribingJson object at 0x7f6ccea83b50>]}
[0m10:58:21.499844 [info ] [MainThread]: 
[0m10:58:21.506559 [debug] [MainThread]: Acquiring new snowflake connection 'master'
[0m10:58:21.582825 [debug] [ThreadPool]: Acquiring new snowflake connection 'list_FDC_QA_KIRUTHIKAA_TARGET'
[0m10:58:21.583892 [debug] [ThreadPool]: Acquiring new snowflake connection 'list_FDC_QA_KIRUTHIKAA_TARGET_TARGET'
[0m10:58:21.584916 [debug] [ThreadPool]: Acquiring new snowflake connection 'list_FDC_QA_KIRUTHIKAA_TARGET_PUBLIC'
[0m10:58:21.607485 [debug] [ThreadPool]: Using snowflake connection "list_FDC_QA_KIRUTHIKAA_TARGET"
[0m10:58:21.610899 [debug] [ThreadPool]: Using snowflake connection "list_FDC_QA_KIRUTHIKAA_TARGET_TARGET"
[0m10:58:21.619502 [debug] [ThreadPool]: Using snowflake connection "list_FDC_QA_KIRUTHIKAA_TARGET_PUBLIC"
[0m10:58:21.624834 [debug] [ThreadPool]: On list_FDC_QA_KIRUTHIKAA_TARGET: /* {"app": "dbt", "dbt_version": "1.8.7", "profile_name": "8660e779-8a1e-4b76-9c7b-d358dde2fa77", "target_name": "dev", "connection_name": "list_FDC_QA_KIRUTHIKAA_TARGET"} */
show objects in "FDC_QA_KIRUTHIKAA"."TARGET" limit 10000
[0m10:58:21.630961 [debug] [ThreadPool]: On list_FDC_QA_KIRUTHIKAA_TARGET_TARGET: /* {"app": "dbt", "dbt_version": "1.8.7", "profile_name": "8660e779-8a1e-4b76-9c7b-d358dde2fa77", "target_name": "dev", "connection_name": "list_FDC_QA_KIRUTHIKAA_TARGET_TARGET"} */
show objects in "FDC_QA_KIRUTHIKAA"."TARGET_TARGET" limit 10000
[0m10:58:21.637135 [debug] [ThreadPool]: On list_FDC_QA_KIRUTHIKAA_TARGET_PUBLIC: /* {"app": "dbt", "dbt_version": "1.8.7", "profile_name": "8660e779-8a1e-4b76-9c7b-d358dde2fa77", "target_name": "dev", "connection_name": "list_FDC_QA_KIRUTHIKAA_TARGET_PUBLIC"} */
show objects in "FDC_QA_KIRUTHIKAA"."TARGET_PUBLIC" limit 10000
[0m10:58:21.643512 [debug] [ThreadPool]: Opening a new connection, currently in state init
[0m10:58:21.648689 [debug] [ThreadPool]: Opening a new connection, currently in state init
[0m10:58:21.654729 [debug] [ThreadPool]: Opening a new connection, currently in state init
[0m10:58:21.660950 [debug] [ThreadPool]: Snowflake adapter: Environment applicationName is 'None'
[0m10:58:21.667014 [debug] [ThreadPool]: Snowflake adapter: Environment applicationName is 'None'
[0m10:58:21.672244 [debug] [ThreadPool]: Snowflake adapter: Environment applicationName is 'None'
[0m10:58:23.027720 [debug] [ThreadPool]: SQL status: SUCCESS 57 in 1.373 seconds
[0m10:58:23.038469 [debug] [ThreadPool]: On list_FDC_QA_KIRUTHIKAA_TARGET_PUBLIC: Close
[0m10:58:23.114587 [debug] [ThreadPool]: SQL status: SUCCESS 117 in 1.466 seconds
[0m10:58:23.126401 [debug] [ThreadPool]: On list_FDC_QA_KIRUTHIKAA_TARGET_TARGET: Close
[0m10:58:23.147424 [debug] [ThreadPool]: SQL status: SUCCESS 174 in 1.504 seconds
[0m10:58:23.160908 [debug] [ThreadPool]: On list_FDC_QA_KIRUTHIKAA_TARGET: Close
[0m10:58:23.361928 [debug] [MainThread]: Sending event: {'category': 'dbt', 'action': 'runnable_timing', 'label': '8ed3dd0d-9f90-4983-80a8-9af3e4ef9972', 'context': [<snowplow_tracker.self_describing_json.SelfDescribingJson object at 0x7f6ccf3475d0>]}
[0m10:58:23.369024 [info ] [MainThread]: Concurrency: 4 threads (target='dev')
[0m10:58:23.375026 [info ] [MainThread]: 
[0m10:58:23.388129 [debug] [Thread-1 (]: Began running node model.FDC_8660e779_8a1e_4b76_9c7b_d358dde2fa77.Model1000_110
[0m10:58:23.393755 [debug] [Thread-1 (]: Re-using an available connection from the pool (formerly list_FDC_QA_KIRUTHIKAA_TARGET, now model.FDC_8660e779_8a1e_4b76_9c7b_d358dde2fa77.Model1000_110)
[0m10:58:23.399299 [debug] [Thread-1 (]: Began compiling node model.FDC_8660e779_8a1e_4b76_9c7b_d358dde2fa77.Model1000_110
[0m10:58:23.417239 [debug] [Thread-1 (]: Writing injected SQL for node "model.FDC_8660e779_8a1e_4b76_9c7b_d358dde2fa77.Model1000_110"
[0m10:58:23.444456 [debug] [Thread-1 (]: Began executing node model.FDC_8660e779_8a1e_4b76_9c7b_d358dde2fa77.Model1000_110
[0m10:58:23.450113 [debug] [Thread-1 (]: Finished running node model.FDC_8660e779_8a1e_4b76_9c7b_d358dde2fa77.Model1000_110
[0m10:58:23.457076 [debug] [MainThread]: Connection 'master' was properly closed.
[0m10:58:23.463257 [debug] [MainThread]: Connection 'model.FDC_8660e779_8a1e_4b76_9c7b_d358dde2fa77.Model1000_110' was properly closed.
[0m10:58:23.469290 [debug] [MainThread]: Connection 'list_FDC_QA_KIRUTHIKAA_TARGET_TARGET' was properly closed.
[0m10:58:23.474722 [debug] [MainThread]: Connection 'list_FDC_QA_KIRUTHIKAA_TARGET_PUBLIC' was properly closed.
[0m10:58:23.481102 [debug] [MainThread]: Command end result
[0m10:58:24.146904 [info ] [MainThread]: Compiled node 'Model1000_110' is:


with "Dataset" as (
SELECT * FROM "SNOWFLAKE_SAMPLE_DATA"."TPCH_SF100"."CUSTOMER"     
),

"Dataset_2" as (
SELECT * FROM "SNOWFLAKE_SAMPLE_DATA"."TPCH_SF1"."NATION"     
),

"Join_2" as (
SELECT Dataset."C_CUSTKEY" as "C_CUSTKEY",Dataset."C_NAME" as "C_NAME",Dataset."C_ADDRESS" as "C_ADDRESS",Dataset."C_NATIONKEY" as "C_NATIONKEY",Dataset."C_PHONE" as "C_PHONE",Dataset."C_ACCTBAL" as "C_ACCTBAL",Dataset."C_MKTSEGMENT" as "C_MKTSEGMENT",Dataset."C_COMMENT" as "C_COMMENT" FROM "Dataset"  as Dataset LEFT JOIN "Dataset_2"  as Dataset_2 ON Dataset."C_NATIONKEY"=Dataset_2."N_NATIONKEY"     
),

"Union_1" as (

SELECT Dataset."C_CUSTKEY" AS "C_CUSTKEY", Dataset."C_NAME" AS "C_NAME", Dataset."C_ADDRESS" AS "C_ADDRESS", Dataset."C_NATIONKEY" AS "C_NATIONKEY", Dataset."C_PHONE" AS "C_PHONE", Dataset."C_ACCTBAL" AS "C_ACCTBAL", Dataset."C_MKTSEGMENT" AS "C_MKTSEGMENT", Dataset."C_COMMENT" AS "C_COMMENT" FROM "Dataset" AS Dataset 
UNION ALL
SELECT Join_2."C_CUSTKEY" AS "C_CUSTKEY", Join_2."C_NAME" AS "C_NAME", Join_2."C_ADDRESS" AS "C_ADDRESS", Join_2."C_NATIONKEY" AS "C_NATIONKEY", Join_2."C_PHONE" AS "C_PHONE", Join_2."C_ACCTBAL" AS "C_ACCTBAL", Join_2."C_MKTSEGMENT" AS "C_MKTSEGMENT", Join_2."C_COMMENT" AS "C_COMMENT" FROM "Join_2" AS Join_2 
      
),

"Dataset_2_2" as (
SELECT * FROM "SNOWFLAKE_SAMPLE_DATA"."TPCH_SF1"."ORDERS"     
),

"Join_2_2" as (
SELECT Dataset_2_2."O_ORDERKEY" as "O_ORDERKEY",Dataset_2_2."O_CUSTKEY" as "O_CUSTKEY",Dataset_2_2."O_ORDERSTATUS" as "O_ORDERSTATUS",Dataset_2_2."O_TOTALPRICE" as "O_TOTALPRICE",Dataset_2_2."O_ORDERDATE" as "O_ORDERDATE",Dataset_2_2."O_ORDERPRIORITY" as "O_ORDERPRIORITY",Dataset_2_2."O_CLERK" as "O_CLERK",Dataset_2_2."O_SHIPPRIORITY" as "O_SHIPPRIORITY",Dataset_2_2."O_COMMENT" as "O_COMMENT",Join_2."C_CUSTKEY" as "C_CUSTKEY",Join_2."C_NAME" as "C_NAME",Join_2."C_ADDRESS" as "C_ADDRESS",Join_2."C_NATIONKEY" as "C_NATIONKEY",Join_2."C_PHONE" as "C_PHONE",Join_2."C_ACCTBAL" as "C_ACCTBAL",Join_2."C_MKTSEGMENT" as "C_MKTSEGMENT",Join_2."C_COMMENT" as "C_COMMENT" FROM "Dataset_2_2"  as Dataset_2_2 INNER JOIN "Join_2"  as Join_2 ON Dataset_2_2."O_CUSTKEY"=Join_2."C_CUSTKEY"     
),

"Difference" as (
SELECT Union_1."C_CUSTKEY" AS "C_CUSTKEY", Union_1."C_NAME" AS "C_NAME", Union_1."C_ADDRESS" AS "C_ADDRESS", Union_1."C_NATIONKEY" AS "C_NATIONKEY", Union_1."C_PHONE" AS "C_PHONE", Union_1."C_ACCTBAL" AS "C_ACCTBAL", Union_1."C_MKTSEGMENT" AS "C_MKTSEGMENT", Union_1."C_COMMENT" AS "C_COMMENT" FROM "Union_1" AS Union_1 

EXCEPT
SELECT Join_2_2."C_CUSTKEY" AS "C_CUSTKEY", Join_2_2."C_NAME" AS "C_NAME", Join_2_2."C_ADDRESS" AS "C_ADDRESS", Join_2_2."C_NATIONKEY" AS "C_NATIONKEY", Join_2_2."C_PHONE" AS "C_PHONE", Join_2_2."C_ACCTBAL" AS "C_ACCTBAL", Join_2_2."C_MKTSEGMENT" AS "C_MKTSEGMENT", Join_2_2."C_COMMENT" AS "C_COMMENT" FROM "Join_2_2" AS Join_2_2 

      
),

"Aggregate" as (
SELECT "C_CUSTKEY", "C_NATIONKEY", "C_ACCTBAL", count(DISTINCT "C_CUSTKEY") "NUNIQUE_C_CUSTKEY", count("C_NATIONKEY") "COUNT_C_NATIONKEY", sum("C_ACCTBAL") "SUM_C_ACCTBAL" FROM "Difference"  GROUP BY "C_CUSTKEY", "C_NATIONKEY", "C_ACCTBAL"   
),

"Transformer" as (
SELECT "NUNIQUE_C_CUSTKEY" AS "NUNIQUE_C_CUSTKEY","COUNT_C_NATIONKEY" AS "COUNT_C_NATIONKEY","SUM_C_ACCTBAL"+100 AS "SUM_C_ACCTBAL","C_CUSTKEY" AS "C_CUSTKEY","C_NATIONKEY" AS "C_NATIONKEY",TO_CHAR("C_ACCTBAL", 'XXXXXX') AS "C_ACCTBAL" FROM "Aggregate"     
),

"Dataset_2_2_2" as (
SELECT * FROM "SNOWFLAKE_SAMPLE_DATA"."TPCH_SF1"."LINEITEM"     
),

"Join_2_2_2" as (
SELECT Dataset_2_2."O_ORDERKEY" as "O_ORDERKEY",Dataset_2_2_2."L_ORDERKEY" as "L_ORDERKEY",Dataset_2_2_2."L_PARTKEY" as "L_PARTKEY",Dataset_2_2_2."L_SUPPKEY" as "L_SUPPKEY",Dataset_2_2_2."L_LINENUMBER" as "L_LINENUMBER",Dataset_2_2_2."L_QUANTITY" as "L_QUANTITY",Dataset_2_2_2."L_EXTENDEDPRICE" as "L_EXTENDEDPRICE",Dataset_2_2_2."L_DISCOUNT" as "L_DISCOUNT",Dataset_2_2_2."L_TAX" as "L_TAX",Dataset_2_2_2."L_RETURNFLAG" as "L_RETURNFLAG",Dataset_2_2_2."L_LINESTATUS" as "L_LINESTATUS",Dataset_2_2_2."L_SHIPDATE" as "L_SHIPDATE",Dataset_2_2_2."L_COMMITDATE" as "L_COMMITDATE",Dataset_2_2_2."L_RECEIPTDATE" as "L_RECEIPTDATE",Dataset_2_2_2."L_SHIPINSTRUCT" as "L_SHIPINSTRUCT",Dataset_2_2_2."L_SHIPMODE" as "L_SHIPMODE",Dataset_2_2_2."L_COMMENT" as "L_COMMENT" FROM "Dataset_2_2"  as Dataset_2_2 INNER JOIN "Dataset_2_2_2"  as Dataset_2_2_2 ON Dataset_2_2."O_ORDERKEY"=Dataset_2_2_2."L_ORDERKEY"     
),

"Filter" as (
SELECT Join_2_2."O_ORDERKEY" as "O_ORDERKEY",Join_2_2."O_CUSTKEY" as "O_CUSTKEY",Join_2_2."O_ORDERSTATUS" as "O_ORDERSTATUS",Join_2_2."O_TOTALPRICE" as "O_TOTALPRICE",Join_2_2."O_ORDERDATE" as "O_ORDERDATE",Join_2_2."O_ORDERPRIORITY" as "O_ORDERPRIORITY",Join_2_2."O_CLERK" as "O_CLERK",Join_2_2."O_SHIPPRIORITY" as "O_SHIPPRIORITY",Join_2_2."O_COMMENT" as "O_COMMENT",Join_2_2."C_CUSTKEY" as "C_CUSTKEY",Join_2_2."C_NAME" as "C_NAME",Join_2_2."C_ADDRESS" as "C_ADDRESS",Join_2_2."C_NATIONKEY" as "C_NATIONKEY",Join_2_2."C_PHONE" as "C_PHONE",Join_2_2."C_ACCTBAL" as "C_ACCTBAL",Join_2_2."C_MKTSEGMENT" as "C_MKTSEGMENT",Join_2_2."C_COMMENT" as "C_COMMENT",Join_2_2_2."L_ORDERKEY" as "L_ORDERKEY",Join_2_2_2."L_PARTKEY" as "L_PARTKEY",Join_2_2_2."L_SUPPKEY" as "L_SUPPKEY",Join_2_2_2."L_LINENUMBER" as "L_LINENUMBER",Join_2_2_2."L_QUANTITY" as "L_QUANTITY",Join_2_2_2."L_EXTENDEDPRICE" as "L_EXTENDEDPRICE",Join_2_2_2."L_DISCOUNT" as "L_DISCOUNT",Join_2_2_2."L_TAX" as "L_TAX",Join_2_2_2."L_RETURNFLAG" as "L_RETURNFLAG",Join_2_2_2."L_LINESTATUS" as "L_LINESTATUS",Join_2_2_2."L_SHIPDATE" as "L_SHIPDATE",Join_2_2_2."L_COMMITDATE" as "L_COMMITDATE",Join_2_2_2."L_RECEIPTDATE" as "L_RECEIPTDATE",Join_2_2_2."L_SHIPINSTRUCT" as "L_SHIPINSTRUCT",Join_2_2_2."L_SHIPMODE" as "L_SHIPMODE",Join_2_2_2."L_COMMENT" as "L_COMMENT" FROM "Join_2_2"  as Join_2_2 FULL OUTER JOIN "Join_2_2_2"  as Join_2_2_2 ON Join_2_2."O_ORDERKEY"=Join_2_2_2."O_ORDERKEY" WHERE (
(Join_2_2."C_NATIONKEY" != 5) )    
),

"Custom_SQL" as (
select * from "Filter"      
),

"Join_4" as (
SELECT Transformer."C_NATIONKEY" as "C_NATIONKEY",Transformer."SUM_C_ACCTBAL" as "SUM_C_ACCTBAL",Transformer."COUNT_C_NATIONKEY" as "COUNT_C_NATIONKEY",Transformer."C_ACCTBAL" as "C_ACCTBAL",Transformer."C_CUSTKEY" as "C_CUSTKEY",Transformer."NUNIQUE_C_CUSTKEY" as "NUNIQUE_C_CUSTKEY",Custom_SQL."O_ORDERKEY" as "O_ORDERKEY",Custom_SQL."O_CUSTKEY" as "O_CUSTKEY",Custom_SQL."O_ORDERSTATUS" as "O_ORDERSTATUS",Custom_SQL."O_TOTALPRICE" as "O_TOTALPRICE",Custom_SQL."O_ORDERDATE" as "O_ORDERDATE",Custom_SQL."O_ORDERPRIORITY" as "O_ORDERPRIORITY",Custom_SQL."O_CLERK" as "O_CLERK",Custom_SQL."O_SHIPPRIORITY" as "O_SHIPPRIORITY",Custom_SQL."O_COMMENT" as "O_COMMENT",Custom_SQL."C_CUSTKEY" as "Custom SQL_C_CUSTKEY",Custom_SQL."C_NAME" as "C_NAME",Custom_SQL."C_ADDRESS" as "C_ADDRESS",Custom_SQL."C_NATIONKEY" as "Custom SQL_C_NATIONKEY",Custom_SQL."C_PHONE" as "C_PHONE",Custom_SQL."C_ACCTBAL" as "Custom SQL_C_ACCTBAL",Custom_SQL."C_MKTSEGMENT" as "C_MKTSEGMENT",Custom_SQL."C_COMMENT" as "C_COMMENT",Custom_SQL."L_ORDERKEY" as "L_ORDERKEY",Custom_SQL."L_PARTKEY" as "L_PARTKEY",Custom_SQL."L_SUPPKEY" as "L_SUPPKEY",Custom_SQL."L_LINENUMBER" as "L_LINENUMBER",Custom_SQL."L_QUANTITY" as "L_QUANTITY",Custom_SQL."L_EXTENDEDPRICE" as "L_EXTENDEDPRICE",Custom_SQL."L_DISCOUNT" as "L_DISCOUNT",Custom_SQL."L_TAX" as "L_TAX",Custom_SQL."L_RETURNFLAG" as "L_RETURNFLAG",Custom_SQL."L_LINESTATUS" as "L_LINESTATUS",Custom_SQL."L_SHIPDATE" as "L_SHIPDATE",Custom_SQL."L_COMMITDATE" as "L_COMMITDATE",Custom_SQL."L_RECEIPTDATE" as "L_RECEIPTDATE",Custom_SQL."L_SHIPINSTRUCT" as "L_SHIPINSTRUCT",Custom_SQL."L_SHIPMODE" as "L_SHIPMODE",Custom_SQL."L_COMMENT" as "L_COMMENT" FROM "Transformer"  as Transformer INNER JOIN "Custom_SQL"  as Custom_SQL ON Transformer."C_CUSTKEY"=Custom_SQL."O_CUSTKEY"     
)


SELECT * FROM "Join_4"
[0m10:58:24.153164 [debug] [MainThread]: Resource report: {"command_name": "compile", "command_success": true, "command_wall_clock_time": 13.143911, "process_user_time": 4.832336, "process_kernel_time": 0.841911, "process_mem_max_rss": "211956", "process_in_blocks": "36096", "process_out_blocks": "48368"}
[0m10:58:24.159680 [debug] [MainThread]: Command `dbt compile` succeeded at 10:58:24.159537 after 13.15 seconds
[0m10:58:24.165885 [debug] [MainThread]: Sending event: {'category': 'dbt', 'action': 'invocation', 'label': 'end', 'context': [<snowplow_tracker.self_describing_json.SelfDescribingJson object at 0x7f6d0175c5d0>, <snowplow_tracker.self_describing_json.SelfDescribingJson object at 0x7f6cd1bb4690>, <snowplow_tracker.self_describing_json.SelfDescribingJson object at 0x7f6d0174dd90>]}
[0m10:58:24.172090 [debug] [MainThread]: Flushing usage events
